<?xml version="1.0" encoding="UTF-8"?>
<testsuites name="Lab4" time="127.681" tests="7" failures="0" errors="0">
   <testsuite name="Lab4" tests="7" failures="0" errors="0" time="127.681" skipped="0" timestamp="27-03-2024T21:26:43" hostname="quynh - Lyy" id="Test Suites/Lab4">
      <properties>
         <property name="deviceName" value=""/>
         <property name="devicePlatform" value=""/>
         <property name="logFolder" value="C:\\Users\\quynh\\OneDrive\\Pictures\\Lab04_Katalon\\Lab04_Katalon\\Reports\\20240327_212638\\Lab4\\20240327_212638"/>
         <property name="logFiles" value="C:\\Users\\quynh\\OneDrive\\Pictures\\Lab04_Katalon\\Lab04_Katalon\\Reports\\20240327_212638\\Lab4\\20240327_212638\\execution0.log"/>
         <property name="attachments" value=""/>
         <property name="hostName" value="quynh - Lyy"/>
         <property name="os" value="Windows 11 64bit"/>
         <property name="katalonVersion" value="9.3.1.212"/>
         <property name="browser" value="Chrome 123.0.0.0"/>
         <property name="hostAddress" value="192.168.1.186"/>
         <property name="sessionId" value="8949566517ef754d92453ab85134fba1"/>
         <property name="seleniumVersion" value="3.141.59"/>
         <property name="proxyInformation" value="ProxyInformation { proxyOption=NO_PROXY, proxyServerType=HTTP, username=, password=********, proxyServerAddress=, proxyServerPort=0, executionList=&quot;&quot;, isApplyToDesiredCapabilities=true }"/>
         <property name="platform" value="Windows 11"/>
      </properties>
      <testcase name="Test Cases/check login" time="6.93" classname="Test Cases/check login" status="PASSED">
         <system-out><![CDATA[27-03-2024T21:26:43 - [TEST_CASE][PASSED] - Test Cases/check login: Test Cases/check login

27-03-2024T21:26:43 - [TEST_STEP][PASSED] - openBrowser(""): Browser is opened with url: ''

27-03-2024T21:26:44 - [MESSAGE][INFO] - Starting 'Chrome' driver

27-03-2024T21:26:44 - [MESSAGE][INFO] - Action delay is set to 0 milliseconds

27-03-2024T21:26:45 - [MESSAGE][PASSED] - Browser is opened with url: ''

27-03-2024T21:26:45 - [TEST_STEP][PASSED] - navigateToUrl("https://www.saucedemo.com/"): Navigate to 'https://www.saucedemo.com/' successfully

27-03-2024T21:26:46 - [MESSAGE][PASSED] - Navigate to 'https://www.saucedemo.com/' successfully

27-03-2024T21:26:46 - [TEST_STEP][PASSED] - setText(findTestObject("Lab4/input_Swag Labs_user-name"), username): Text '' is set on object 'Object Repository/Lab4/input_Swag Labs_user-name'

27-03-2024T21:26:48 - [MESSAGE][PASSED] - Text '' is set on object 'Object Repository/Lab4/input_Swag Labs_user-name'

27-03-2024T21:26:48 - [TEST_STEP][PASSED] - setText(findTestObject("Lab4/input_Swag Labs_password"), pasword): Text 'secret_sauce' is set on object 'Object Repository/Lab4/input_Swag Labs_password'

27-03-2024T21:26:49 - [MESSAGE][PASSED] - Text 'secret_sauce' is set on object 'Object Repository/Lab4/input_Swag Labs_password'

27-03-2024T21:26:49 - [TEST_STEP][PASSED] - click(findTestObject("Lab4/input_Swag Labs_login-button")): Object: 'Object Repository/Lab4/input_Swag Labs_login-button' is clicked on

27-03-2024T21:26:49 - [MESSAGE][PASSED] - Object: 'Object Repository/Lab4/input_Swag Labs_login-button' is clicked on

27-03-2024T21:26:49 - [TEST_STEP][PASSED] - verifyTextPresent(excepted, false): Text 'Epic sadface: Username is required' is present on page 

27-03-2024T21:26:50 - [MESSAGE][PASSED] - Text 'Epic sadface: Username is required' is present on page 

27-03-2024T21:26:50 - [TEST_STEP][PASSED] - closeBrowser(): Browser is closed

27-03-2024T21:26:50 - [MESSAGE][PASSED] - Browser is closed]]></system-out>
         <system-err><![CDATA[]]></system-err>
      </testcase>
      <testcase name="Test Cases/check login" time="5.506" classname="Test Cases/check login" status="PASSED">
         <system-out><![CDATA[27-03-2024T21:26:50 - [TEST_CASE][PASSED] - Test Cases/check login: Test Cases/check login

27-03-2024T21:26:50 - [TEST_STEP][PASSED] - openBrowser(""): Browser is opened with url: ''

27-03-2024T21:26:50 - [MESSAGE][INFO] - Starting 'Chrome' driver

27-03-2024T21:26:50 - [MESSAGE][INFO] - Action delay is set to 0 milliseconds

27-03-2024T21:26:51 - [MESSAGE][PASSED] - Browser is opened with url: ''

27-03-2024T21:26:51 - [TEST_STEP][PASSED] - navigateToUrl("https://www.saucedemo.com/"): Navigate to 'https://www.saucedemo.com/' successfully

27-03-2024T21:26:52 - [MESSAGE][PASSED] - Navigate to 'https://www.saucedemo.com/' successfully

27-03-2024T21:26:52 - [TEST_STEP][PASSED] - setText(findTestObject("Lab4/input_Swag Labs_user-name"), username): Text 'standard_user' is set on object 'Object Repository/Lab4/input_Swag Labs_user-name'

27-03-2024T21:26:54 - [MESSAGE][PASSED] - Text 'standard_user' is set on object 'Object Repository/Lab4/input_Swag Labs_user-name'

27-03-2024T21:26:54 - [TEST_STEP][PASSED] - setText(findTestObject("Lab4/input_Swag Labs_password"), pasword): Text '' is set on object 'Object Repository/Lab4/input_Swag Labs_password'

27-03-2024T21:26:54 - [MESSAGE][PASSED] - Text '' is set on object 'Object Repository/Lab4/input_Swag Labs_password'

27-03-2024T21:26:54 - [TEST_STEP][PASSED] - click(findTestObject("Lab4/input_Swag Labs_login-button")): Object: 'Object Repository/Lab4/input_Swag Labs_login-button' is clicked on

27-03-2024T21:26:55 - [MESSAGE][PASSED] - Object: 'Object Repository/Lab4/input_Swag Labs_login-button' is clicked on

27-03-2024T21:26:55 - [TEST_STEP][PASSED] - verifyTextPresent(excepted, false): Text 'Epic sadface: Password is required' is present on page 

27-03-2024T21:26:55 - [MESSAGE][PASSED] - Text 'Epic sadface: Password is required' is present on page 

27-03-2024T21:26:55 - [TEST_STEP][PASSED] - closeBrowser(): Browser is closed

27-03-2024T21:26:55 - [MESSAGE][PASSED] - Browser is closed]]></system-out>
         <system-err><![CDATA[]]></system-err>
      </testcase>
      <testcase name="Test Cases/check login" time="5.188" classname="Test Cases/check login" status="PASSED">
         <system-out><![CDATA[27-03-2024T21:26:55 - [TEST_CASE][PASSED] - Test Cases/check login: Test Cases/check login

27-03-2024T21:26:55 - [TEST_STEP][PASSED] - openBrowser(""): Browser is opened with url: ''

27-03-2024T21:26:55 - [MESSAGE][INFO] - Starting 'Chrome' driver

27-03-2024T21:26:55 - [MESSAGE][INFO] - Action delay is set to 0 milliseconds

27-03-2024T21:26:56 - [MESSAGE][PASSED] - Browser is opened with url: ''

27-03-2024T21:26:56 - [TEST_STEP][PASSED] - navigateToUrl("https://www.saucedemo.com/"): Navigate to 'https://www.saucedemo.com/' successfully

27-03-2024T21:26:57 - [MESSAGE][PASSED] - Navigate to 'https://www.saucedemo.com/' successfully

27-03-2024T21:26:57 - [TEST_STEP][PASSED] - setText(findTestObject("Lab4/input_Swag Labs_user-name"), username): Text '' is set on object 'Object Repository/Lab4/input_Swag Labs_user-name'

27-03-2024T21:26:59 - [MESSAGE][PASSED] - Text '' is set on object 'Object Repository/Lab4/input_Swag Labs_user-name'

27-03-2024T21:26:59 - [TEST_STEP][PASSED] - setText(findTestObject("Lab4/input_Swag Labs_password"), pasword): Text '' is set on object 'Object Repository/Lab4/input_Swag Labs_password'

27-03-2024T21:27:00 - [MESSAGE][PASSED] - Text '' is set on object 'Object Repository/Lab4/input_Swag Labs_password'

27-03-2024T21:27:00 - [TEST_STEP][PASSED] - click(findTestObject("Lab4/input_Swag Labs_login-button")): Object: 'Object Repository/Lab4/input_Swag Labs_login-button' is clicked on

27-03-2024T21:27:00 - [MESSAGE][PASSED] - Object: 'Object Repository/Lab4/input_Swag Labs_login-button' is clicked on

27-03-2024T21:27:00 - [TEST_STEP][PASSED] - verifyTextPresent(excepted, false): Text 'Epic sadface: Username is required' is present on page 

27-03-2024T21:27:00 - [MESSAGE][PASSED] - Text 'Epic sadface: Username is required' is present on page 

27-03-2024T21:27:00 - [TEST_STEP][PASSED] - closeBrowser(): Browser is closed

27-03-2024T21:27:01 - [MESSAGE][PASSED] - Browser is closed]]></system-out>
         <system-err><![CDATA[]]></system-err>
      </testcase>
      <testcase name="Test Cases/check login" time="34.606" classname="Test Cases/check login" status="PASSED">
         <system-out><![CDATA[27-03-2024T21:27:01 - [TEST_CASE][PASSED] - Test Cases/check login: Test Cases/check login

27-03-2024T21:27:01 - [TEST_STEP][PASSED] - openBrowser(""): Browser is opened with url: ''

27-03-2024T21:27:01 - [MESSAGE][INFO] - Starting 'Chrome' driver

27-03-2024T21:27:01 - [MESSAGE][INFO] - Action delay is set to 0 milliseconds

27-03-2024T21:27:01 - [MESSAGE][PASSED] - Browser is opened with url: ''

27-03-2024T21:27:01 - [TEST_STEP][PASSED] - navigateToUrl("https://www.saucedemo.com/"): Navigate to 'https://www.saucedemo.com/' successfully

27-03-2024T21:27:02 - [MESSAGE][PASSED] - Navigate to 'https://www.saucedemo.com/' successfully

27-03-2024T21:27:02 - [TEST_STEP][PASSED] - setText(findTestObject("Lab4/input_Swag Labs_user-name"), username): Text 'standard_use' is set on object 'Object Repository/Lab4/input_Swag Labs_user-name'

27-03-2024T21:27:04 - [MESSAGE][PASSED] - Text 'standard_use' is set on object 'Object Repository/Lab4/input_Swag Labs_user-name'

27-03-2024T21:27:04 - [TEST_STEP][PASSED] - setText(findTestObject("Lab4/input_Swag Labs_password"), pasword): Text 'secret_sauce' is set on object 'Object Repository/Lab4/input_Swag Labs_password'

27-03-2024T21:27:05 - [MESSAGE][PASSED] - Text 'secret_sauce' is set on object 'Object Repository/Lab4/input_Swag Labs_password'

27-03-2024T21:27:05 - [TEST_STEP][PASSED] - click(findTestObject("Lab4/input_Swag Labs_login-button")): Object: 'Object Repository/Lab4/input_Swag Labs_login-button' is clicked on

27-03-2024T21:27:05 - [MESSAGE][PASSED] - Object: 'Object Repository/Lab4/input_Swag Labs_login-button' is clicked on

27-03-2024T21:27:05 - [TEST_STEP][PASSED] - verifyTextPresent(excepted, false): Text 'Epic sadface: Username and password do not match any user in this service' is present on page 

27-03-2024T21:27:35 - [MESSAGE][PASSED] - Text 'Epic sadface: Username and password do not match any user in this service' is present on page 

27-03-2024T21:27:35 - [TEST_STEP][PASSED] - closeBrowser(): Browser is closed

27-03-2024T21:27:35 - [MESSAGE][PASSED] - Browser is closed]]></system-out>
         <system-err><![CDATA[]]></system-err>
      </testcase>
      <testcase name="Test Cases/check login" time="35.105" classname="Test Cases/check login" status="PASSED">
         <system-out><![CDATA[27-03-2024T21:27:35 - [TEST_CASE][PASSED] - Test Cases/check login: Test Cases/check login

27-03-2024T21:27:35 - [TEST_STEP][PASSED] - openBrowser(""): Browser is opened with url: ''

27-03-2024T21:27:35 - [MESSAGE][INFO] - Starting 'Chrome' driver

27-03-2024T21:27:35 - [MESSAGE][INFO] - Action delay is set to 0 milliseconds

27-03-2024T21:27:36 - [MESSAGE][PASSED] - Browser is opened with url: ''

27-03-2024T21:27:36 - [TEST_STEP][PASSED] - navigateToUrl("https://www.saucedemo.com/"): Navigate to 'https://www.saucedemo.com/' successfully

27-03-2024T21:27:37 - [MESSAGE][PASSED] - Navigate to 'https://www.saucedemo.com/' successfully

27-03-2024T21:27:37 - [TEST_STEP][PASSED] - setText(findTestObject("Lab4/input_Swag Labs_user-name"), username): Text 'standard_user' is set on object 'Object Repository/Lab4/input_Swag Labs_user-name'

27-03-2024T21:27:39 - [MESSAGE][PASSED] - Text 'standard_user' is set on object 'Object Repository/Lab4/input_Swag Labs_user-name'

27-03-2024T21:27:39 - [TEST_STEP][PASSED] - setText(findTestObject("Lab4/input_Swag Labs_password"), pasword): Text 'secret_sauc' is set on object 'Object Repository/Lab4/input_Swag Labs_password'

27-03-2024T21:27:40 - [MESSAGE][PASSED] - Text 'secret_sauc' is set on object 'Object Repository/Lab4/input_Swag Labs_password'

27-03-2024T21:27:40 - [TEST_STEP][PASSED] - click(findTestObject("Lab4/input_Swag Labs_login-button")): Object: 'Object Repository/Lab4/input_Swag Labs_login-button' is clicked on

27-03-2024T21:27:40 - [MESSAGE][PASSED] - Object: 'Object Repository/Lab4/input_Swag Labs_login-button' is clicked on

27-03-2024T21:27:40 - [TEST_STEP][PASSED] - verifyTextPresent(excepted, false): Text 'Epic sadface: Username and password do not match any user in this service' is present on page 

27-03-2024T21:28:10 - [MESSAGE][PASSED] - Text 'Epic sadface: Username and password do not match any user in this service' is present on page 

27-03-2024T21:28:10 - [TEST_STEP][PASSED] - closeBrowser(): Browser is closed

27-03-2024T21:28:10 - [MESSAGE][PASSED] - Browser is closed]]></system-out>
         <system-err><![CDATA[]]></system-err>
      </testcase>
      <testcase name="Test Cases/check login" time="34.816" classname="Test Cases/check login" status="PASSED">
         <system-out><![CDATA[27-03-2024T21:28:10 - [TEST_CASE][PASSED] - Test Cases/check login: Test Cases/check login

27-03-2024T21:28:10 - [TEST_STEP][PASSED] - openBrowser(""): Browser is opened with url: ''

27-03-2024T21:28:10 - [MESSAGE][INFO] - Starting 'Chrome' driver

27-03-2024T21:28:10 - [MESSAGE][INFO] - Action delay is set to 0 milliseconds

27-03-2024T21:28:11 - [MESSAGE][PASSED] - Browser is opened with url: ''

27-03-2024T21:28:11 - [TEST_STEP][PASSED] - navigateToUrl("https://www.saucedemo.com/"): Navigate to 'https://www.saucedemo.com/' successfully

27-03-2024T21:28:12 - [MESSAGE][PASSED] - Navigate to 'https://www.saucedemo.com/' successfully

27-03-2024T21:28:12 - [TEST_STEP][PASSED] - setText(findTestObject("Lab4/input_Swag Labs_user-name"), username): Text 'standard_use' is set on object 'Object Repository/Lab4/input_Swag Labs_user-name'

27-03-2024T21:28:14 - [MESSAGE][PASSED] - Text 'standard_use' is set on object 'Object Repository/Lab4/input_Swag Labs_user-name'

27-03-2024T21:28:14 - [TEST_STEP][PASSED] - setText(findTestObject("Lab4/input_Swag Labs_password"), pasword): Text 'secret_sauc' is set on object 'Object Repository/Lab4/input_Swag Labs_password'

27-03-2024T21:28:15 - [MESSAGE][PASSED] - Text 'secret_sauc' is set on object 'Object Repository/Lab4/input_Swag Labs_password'

27-03-2024T21:28:15 - [TEST_STEP][PASSED] - click(findTestObject("Lab4/input_Swag Labs_login-button")): Object: 'Object Repository/Lab4/input_Swag Labs_login-button' is clicked on

27-03-2024T21:28:15 - [MESSAGE][PASSED] - Object: 'Object Repository/Lab4/input_Swag Labs_login-button' is clicked on

27-03-2024T21:28:15 - [TEST_STEP][PASSED] - verifyTextPresent(excepted, false): Text 'Epic sadface: Username and password do not match any user in this service' is present on page 

27-03-2024T21:28:45 - [MESSAGE][PASSED] - Text 'Epic sadface: Username and password do not match any user in this service' is present on page 

27-03-2024T21:28:45 - [TEST_STEP][PASSED] - closeBrowser(): Browser is closed

27-03-2024T21:28:45 - [MESSAGE][PASSED] - Browser is closed]]></system-out>
         <system-err><![CDATA[]]></system-err>
      </testcase>
      <testcase name="Test Cases/check login" time="4.973" classname="Test Cases/check login" status="PASSED">
         <system-out><![CDATA[27-03-2024T21:28:45 - [TEST_CASE][PASSED] - Test Cases/check login: Test Cases/check login

27-03-2024T21:28:45 - [TEST_STEP][PASSED] - openBrowser(""): Browser is opened with url: ''

27-03-2024T21:28:45 - [MESSAGE][INFO] - Starting 'Chrome' driver

27-03-2024T21:28:45 - [MESSAGE][INFO] - Action delay is set to 0 milliseconds

27-03-2024T21:28:46 - [MESSAGE][PASSED] - Browser is opened with url: ''

27-03-2024T21:28:46 - [TEST_STEP][PASSED] - navigateToUrl("https://www.saucedemo.com/"): Navigate to 'https://www.saucedemo.com/' successfully

27-03-2024T21:28:47 - [MESSAGE][PASSED] - Navigate to 'https://www.saucedemo.com/' successfully

27-03-2024T21:28:47 - [TEST_STEP][PASSED] - setText(findTestObject("Lab4/input_Swag Labs_user-name"), username): Text 'standard_user' is set on object 'Object Repository/Lab4/input_Swag Labs_user-name'

27-03-2024T21:28:49 - [MESSAGE][PASSED] - Text 'standard_user' is set on object 'Object Repository/Lab4/input_Swag Labs_user-name'

27-03-2024T21:28:49 - [TEST_STEP][PASSED] - setText(findTestObject("Lab4/input_Swag Labs_password"), pasword): Text 'secret_sauce' is set on object 'Object Repository/Lab4/input_Swag Labs_password'

27-03-2024T21:28:49 - [MESSAGE][PASSED] - Text 'secret_sauce' is set on object 'Object Repository/Lab4/input_Swag Labs_password'

27-03-2024T21:28:49 - [TEST_STEP][PASSED] - click(findTestObject("Lab4/input_Swag Labs_login-button")): Object: 'Object Repository/Lab4/input_Swag Labs_login-button' is clicked on

27-03-2024T21:28:50 - [MESSAGE][PASSED] - Object: 'Object Repository/Lab4/input_Swag Labs_login-button' is clicked on

27-03-2024T21:28:50 - [TEST_STEP][PASSED] - verifyTextPresent(excepted, false): Text 'Sauce Labs Backpack' is present on page 

27-03-2024T21:28:50 - [MESSAGE][PASSED] - Text 'Sauce Labs Backpack' is present on page 

27-03-2024T21:28:50 - [TEST_STEP][PASSED] - closeBrowser(): Browser is closed

27-03-2024T21:28:50 - [MESSAGE][PASSED] - Browser is closed]]></system-out>
         <system-err><![CDATA[]]></system-err>
      </testcase>
      <system-out><![CDATA[27-03-2024T21:26:43 - [TEST_SUITE][PASSED] - Lab4: Test Cases/check login]]></system-out>
      <system-err><![CDATA[]]></system-err>
   </testsuite>
</testsuites>
